nohup: ignoring input
INFO:     Will watch for changes in these directories: ['/workspaces/NeuroFLow/NeuroFlow final/server']
INFO:     Uvicorn running on http://0.0.0.0:8000 (Press CTRL+C to quit)
INFO:     Started reloader process [128382] using WatchFiles
/home/codespace/.local/lib/python3.12/site-packages/sklearn/base.py:440: InconsistentVersionWarning: Trying to unpickle estimator CountVectorizer from version 1.2.0 when using version 1.7.0. This might lead to breaking code or invalid results. Use at your own risk. For more info please refer to:
https://scikit-learn.org/stable/model_persistence.html#security-maintainability-limitations
  warnings.warn(
/home/codespace/.local/lib/python3.12/site-packages/sklearn/base.py:440: InconsistentVersionWarning: Trying to unpickle estimator LogisticRegression from version 1.2.0 when using version 1.7.0. This might lead to breaking code or invalid results. Use at your own risk. For more info please refer to:
https://scikit-learn.org/stable/model_persistence.html#security-maintainability-limitations
  warnings.warn(
/home/codespace/.local/lib/python3.12/site-packages/sklearn/base.py:440: InconsistentVersionWarning: Trying to unpickle estimator Pipeline from version 1.2.0 when using version 1.7.0. This might lead to breaking code or invalid results. Use at your own risk. For more info please refer to:
https://scikit-learn.org/stable/model_persistence.html#security-maintainability-limitations
  warnings.warn(
INFO:app.ml.emotion_classifier:Model loaded successfully from /workspaces/NeuroFLow/NeuroFlow final/server/app/ml/models/emotion_classifier_pipe_lr.pkl
INFO:     Started server process [128395]
INFO:     Waiting for application startup.
INFO:     Application startup complete.
INFO:     127.0.0.1:54760 - "GET / HTTP/1.1" 200 OK
INFO:     127.0.0.1:38068 - "POST /api/emotions/analyze HTTP/1.1" 200 OK
WARNING:  WatchFiles detected changes in 'app/main.py'. Reloading...
INFO:     Shutting down
INFO:     Waiting for application shutdown.
INFO:     Application shutdown complete.
INFO:     Finished server process [128395]
/home/codespace/.local/lib/python3.12/site-packages/sklearn/base.py:440: InconsistentVersionWarning: Trying to unpickle estimator CountVectorizer from version 1.2.0 when using version 1.7.0. This might lead to breaking code or invalid results. Use at your own risk. For more info please refer to:
https://scikit-learn.org/stable/model_persistence.html#security-maintainability-limitations
  warnings.warn(
/home/codespace/.local/lib/python3.12/site-packages/sklearn/base.py:440: InconsistentVersionWarning: Trying to unpickle estimator LogisticRegression from version 1.2.0 when using version 1.7.0. This might lead to breaking code or invalid results. Use at your own risk. For more info please refer to:
https://scikit-learn.org/stable/model_persistence.html#security-maintainability-limitations
  warnings.warn(
/home/codespace/.local/lib/python3.12/site-packages/sklearn/base.py:440: InconsistentVersionWarning: Trying to unpickle estimator Pipeline from version 1.2.0 when using version 1.7.0. This might lead to breaking code or invalid results. Use at your own risk. For more info please refer to:
https://scikit-learn.org/stable/model_persistence.html#security-maintainability-limitations
  warnings.warn(
INFO:app.ml.emotion_classifier:Model loaded successfully from /workspaces/NeuroFLow/NeuroFlow final/server/app/ml/models/emotion_classifier_pipe_lr.pkl
INFO:     Started server process [131584]
INFO:     Waiting for application startup.
INFO:     Application startup complete.
WARNING:  WatchFiles detected changes in 'app/main.py'. Reloading...
INFO:     Shutting down
INFO:     Waiting for application shutdown.
INFO:     Application shutdown complete.
INFO:     Finished server process [131584]
/home/codespace/.local/lib/python3.12/site-packages/sklearn/base.py:440: InconsistentVersionWarning: Trying to unpickle estimator CountVectorizer from version 1.2.0 when using version 1.7.0. This might lead to breaking code or invalid results. Use at your own risk. For more info please refer to:
https://scikit-learn.org/stable/model_persistence.html#security-maintainability-limitations
  warnings.warn(
/home/codespace/.local/lib/python3.12/site-packages/sklearn/base.py:440: InconsistentVersionWarning: Trying to unpickle estimator LogisticRegression from version 1.2.0 when using version 1.7.0. This might lead to breaking code or invalid results. Use at your own risk. For more info please refer to:
https://scikit-learn.org/stable/model_persistence.html#security-maintainability-limitations
  warnings.warn(
/home/codespace/.local/lib/python3.12/site-packages/sklearn/base.py:440: InconsistentVersionWarning: Trying to unpickle estimator Pipeline from version 1.2.0 when using version 1.7.0. This might lead to breaking code or invalid results. Use at your own risk. For more info please refer to:
https://scikit-learn.org/stable/model_persistence.html#security-maintainability-limitations
  warnings.warn(
INFO:app.ml.emotion_classifier:Model loaded successfully from /workspaces/NeuroFLow/NeuroFlow final/server/app/ml/models/emotion_classifier_pipe_lr.pkl
INFO:     Started server process [131650]
INFO:     Waiting for application startup.
INFO:     Application startup complete.
INFO:     Shutting down
INFO:     Waiting for application shutdown.
INFO:     Application shutdown complete.
INFO:     Finished server process [131650]
INFO:     Stopping reloader process [128382]
